[2023-08-07 18:24:27] [ ERROR] [Main:9] No se estableció la conexión
java.lang.ClassNotFoundException: org.h2.Driver
	at java.base/jdk.internal.loader.BuiltinClassLoader.loadClass(BuiltinClassLoader.java:641)
	at java.base/jdk.internal.loader.ClassLoaders$AppClassLoader.loadClass(ClassLoaders.java:188)
	at java.base/java.lang.ClassLoader.loadClass(ClassLoader.java:521)
	at java.base/java.lang.Class.forName0(Native Method)
	at java.base/java.lang.Class.forName(Class.java:390)
	at java.base/java.lang.Class.forName(Class.java:381)
	at SQL.inicializarConexion(SQL.java:14)
	at Main.main(Main.java:7)
[2023-08-07 18:28:42] [ ERROR] [Main:9] No se estableció la conexión
java.lang.ClassNotFoundException: org.h2.Driver
	at java.base/jdk.internal.loader.BuiltinClassLoader.loadClass(BuiltinClassLoader.java:641)
	at java.base/jdk.internal.loader.ClassLoaders$AppClassLoader.loadClass(ClassLoaders.java:188)
	at java.base/java.lang.ClassLoader.loadClass(ClassLoader.java:521)
	at java.base/java.lang.Class.forName0(Native Method)
	at java.base/java.lang.Class.forName(Class.java:390)
	at java.base/java.lang.Class.forName(Class.java:381)
	at SQL.inicializarConexion(SQL.java:17)
	at Main.main(Main.java:7)
[2023-08-07 18:30:25] [ ERROR] [Main:9] No se estableció la conexión
java.lang.ClassNotFoundException: org.h2.Driver
	at java.base/jdk.internal.loader.BuiltinClassLoader.loadClass(BuiltinClassLoader.java:641)
	at java.base/jdk.internal.loader.ClassLoaders$AppClassLoader.loadClass(ClassLoaders.java:188)
	at java.base/java.lang.ClassLoader.loadClass(ClassLoader.java:521)
	at java.base/java.lang.Class.forName0(Native Method)
	at java.base/java.lang.Class.forName(Class.java:390)
	at java.base/java.lang.Class.forName(Class.java:381)
	at SQL.inicializarConexion(SQL.java:17)
	at Main.main(Main.java:7)
[2023-08-07 18:50:03] [ INFO ] [SQL:24] Se creo tabla odontologos
[2023-08-07 18:50:03] [ INFO ] [SQL:33] Se añadio odontologo
[2023-08-07 18:51:33] [ INFO ] [SQL:24] Se creo tabla odontologos
[2023-08-07 18:51:33] [ INFO ] [SQL:34] Se añadio odontologo
[2023-08-07 18:52:34] [ INFO ] [SQL:24] Se creo tabla odontologos
[2023-08-07 18:52:34] [ INFO ] [SQL:34] Se añadio odontologo
[2023-08-07 18:54:40] [ INFO ] [SQL:24] Se creo tabla odontologos
[2023-08-07 18:54:40] [ INFO ] [SQL:34] Se añadio odontologo
[2023-08-07 18:56:53] [ INFO ] [SQL:24] Se creo tabla odontologos
[2023-08-07 18:56:53] [ INFO ] [SQL:34] Se añadio odontologo
[2023-08-07 18:59:33] [ INFO ] [SQL:24] Se creo tabla odontologos
[2023-08-07 18:59:33] [ INFO ] [SQL:34] Se añadio odontologo
[2023-08-07 18:59:33] [ ERROR] [SQL:61] org.h2.jdbc.JdbcSQLSyntaxErrorException: Table "ODONGOTOLOS" not found; SQL statement:
SELECT * FROM ODONGOTOLOS [42102-220]
	at org.h2.message.DbException.getJdbcSQLException(DbException.java:514)
	at org.h2.message.DbException.getJdbcSQLException(DbException.java:489)
	at org.h2.message.DbException.get(DbException.java:223)
	at org.h2.message.DbException.get(DbException.java:199)
	at org.h2.command.Parser.getTableOrViewNotFoundDbException(Parser.java:8561)
	at org.h2.command.Parser.getTableOrViewNotFoundDbException(Parser.java:8532)
	at org.h2.command.Parser.readTableOrView(Parser.java:8521)
	at org.h2.command.Parser.readTablePrimary(Parser.java:1911)
	at org.h2.command.Parser.readTableReference(Parser.java:2391)
	at org.h2.command.Parser.parseSelectFromPart(Parser.java:2844)
	at org.h2.command.Parser.parseSelect(Parser.java:2950)
	at org.h2.command.Parser.parseQueryPrimary(Parser.java:2834)
	at org.h2.command.Parser.parseQueryTerm(Parser.java:2690)
	at org.h2.command.Parser.parseQueryExpressionBody(Parser.java:2669)
	at org.h2.command.Parser.parseQueryExpressionBodyAndEndOfQuery(Parser.java:2662)
	at org.h2.command.Parser.parseQueryExpression(Parser.java:2655)
	at org.h2.command.Parser.parseQuery(Parser.java:2624)
	at org.h2.command.Parser.parsePrepared(Parser.java:732)
	at org.h2.command.Parser.parse(Parser.java:697)
	at org.h2.command.Parser.parse(Parser.java:669)
	at org.h2.command.Parser.prepareCommand(Parser.java:577)
	at org.h2.engine.SessionLocal.prepareLocal(SessionLocal.java:634)
	at org.h2.server.TcpServerThread.process(TcpServerThread.java:288)
	at org.h2.server.TcpServerThread.run(TcpServerThread.java:191)
	at java.base/java.lang.Thread.run(Thread.java:833)

[2023-08-07 18:59:33] [ ERROR] [SQL:61] org.h2.jdbc.JdbcSQLSyntaxErrorException: Table "ODONGOTOLOS" not found; SQL statement:
SELECT * FROM ODONGOTOLOS [42102-220]
	at org.h2.message.DbException.getJdbcSQLException(DbException.java:514)
	at org.h2.message.DbException.getJdbcSQLException(DbException.java:489)
	at org.h2.message.DbException.get(DbException.java:223)
	at org.h2.message.DbException.get(DbException.java:199)
	at org.h2.command.Parser.getTableOrViewNotFoundDbException(Parser.java:8561)
	at org.h2.command.Parser.getTableOrViewNotFoundDbException(Parser.java:8532)
	at org.h2.command.Parser.readTableOrView(Parser.java:8521)
	at org.h2.command.Parser.readTablePrimary(Parser.java:1911)
	at org.h2.command.Parser.readTableReference(Parser.java:2391)
	at org.h2.command.Parser.parseSelectFromPart(Parser.java:2844)
	at org.h2.command.Parser.parseSelect(Parser.java:2950)
	at org.h2.command.Parser.parseQueryPrimary(Parser.java:2834)
	at org.h2.command.Parser.parseQueryTerm(Parser.java:2690)
	at org.h2.command.Parser.parseQueryExpressionBody(Parser.java:2669)
	at org.h2.command.Parser.parseQueryExpressionBodyAndEndOfQuery(Parser.java:2662)
	at org.h2.command.Parser.parseQueryExpression(Parser.java:2655)
	at org.h2.command.Parser.parseQuery(Parser.java:2624)
	at org.h2.command.Parser.parsePrepared(Parser.java:732)
	at org.h2.command.Parser.parse(Parser.java:697)
	at org.h2.command.Parser.parse(Parser.java:669)
	at org.h2.command.Parser.prepareCommand(Parser.java:577)
	at org.h2.engine.SessionLocal.prepareLocal(SessionLocal.java:634)
	at org.h2.server.TcpServerThread.process(TcpServerThread.java:288)
	at org.h2.server.TcpServerThread.run(TcpServerThread.java:191)
	at java.base/java.lang.Thread.run(Thread.java:833)

[2023-08-07 19:00:13] [ INFO ] [SQL:24] Se creo tabla odontologos
[2023-08-07 19:00:13] [ INFO ] [SQL:34] Se añadio odontologo
[2023-08-07 19:00:13] [ INFO ] [SQL:58] Odontologo Marlon Lombana con matricula 123456odontologo
[2023-08-07 19:00:13] [ INFO ] [SQL:58] Odontologo Marlon Lombana con matricula 123456odontologo
[2023-08-07 19:01:16] [ INFO ] [SQL:24] Se creo tabla odontologos
[2023-08-07 19:01:16] [ INFO ] [SQL:34] Se añadio odontologo
[2023-08-07 19:01:16] [ INFO ] [SQL:58]  ID PROFESIONAL 1 Odontologo Marlon Lombana con matricula 123456odontologo
[2023-08-07 19:01:16] [ INFO ] [SQL:58]  ID PROFESIONAL 1 Odontologo Marlon Lombana con matricula 123456odontologo
[2023-08-07 19:02:37] [ INFO ] [SQL:24] Se creo tabla odontologos
[2023-08-07 19:02:37] [ INFO ] [SQL:34] Se añadio odontologo
[2023-08-07 19:02:37] [ INFO ] [SQL:59]  ID PROFESIONAL 1 Odontologo Marlon Lombana con matricula 123456odontologo
[2023-08-07 19:02:37] [ ERROR] [SQL:51] org.h2.jdbc.JdbcSQLSyntaxErrorException: Table "CUENTA" not found; SQL statement:
UPDATE CUENTA SET MATRICULA=? WHERE NOMBRE=?; [42102-220]
	at org.h2.message.DbException.getJdbcSQLException(DbException.java:514)
	at org.h2.message.DbException.getJdbcSQLException(DbException.java:489)
	at org.h2.message.DbException.get(DbException.java:223)
	at org.h2.message.DbException.get(DbException.java:199)
	at org.h2.command.Parser.getTableOrViewNotFoundDbException(Parser.java:8561)
	at org.h2.command.Parser.getTableOrViewNotFoundDbException(Parser.java:8532)
	at org.h2.command.Parser.readTableOrView(Parser.java:8521)
	at org.h2.command.Parser.readTableOrView(Parser.java:8487)
	at org.h2.command.Parser.readSimpleTableFilter(Parser.java:1204)
	at org.h2.command.Parser.parseUpdate(Parser.java:1128)
	at org.h2.command.Parser.parsePrepared(Parser.java:868)
	at org.h2.command.Parser.parse(Parser.java:697)
	at org.h2.command.Parser.parse(Parser.java:669)
	at org.h2.command.Parser.prepareCommand(Parser.java:577)
	at org.h2.engine.SessionLocal.prepareLocal(SessionLocal.java:634)
	at org.h2.server.TcpServerThread.process(TcpServerThread.java:288)
	at org.h2.server.TcpServerThread.run(TcpServerThread.java:191)
	at java.base/java.lang.Thread.run(Thread.java:833)

[2023-08-07 19:02:37] [ INFO ] [SQL:59]  ID PROFESIONAL 1 Odontologo Marlon Lombana con matricula 123456odontologo
[2023-08-07 19:03:17] [ INFO ] [SQL:24] Se creo tabla odontologos
[2023-08-07 19:03:17] [ INFO ] [SQL:34] Se añadio odontologo
[2023-08-07 19:03:17] [ INFO ] [SQL:59]  ID PROFESIONAL 1 Odontologo Marlon Lombana con matricula 123456odontologo
[2023-08-07 19:03:17] [ ERROR] [SQL:51] org.h2.jdbc.JdbcSQLDataException: Invalid value "4" for parameter "parameterIndex" [90008-220]
[2023-08-07 19:03:17] [ INFO ] [SQL:59]  ID PROFESIONAL 1 Odontologo Marlon Lombana con matricula 123456odontologo
[2023-08-07 19:04:09] [ INFO ] [SQL:24] Se creo tabla odontologos
[2023-08-07 19:04:09] [ INFO ] [SQL:34] Se añadio odontologo
[2023-08-07 19:04:09] [ INFO ] [SQL:59]  ID PROFESIONAL 1 Odontologo Marlon Lombana con matricula 123456odontologo
[2023-08-07 19:04:09] [ ERROR] [SQL:51] org.h2.jdbc.JdbcSQLDataException: Invalid value "4" for parameter "parameterIndex" [90008-220]
[2023-08-07 19:04:09] [ INFO ] [SQL:59]  ID PROFESIONAL 1 Odontologo Marlon Lombana con matricula 123456odontologo
[2023-08-07 19:05:43] [ INFO ] [SQL:24] Se creo tabla odontologos
[2023-08-07 19:05:43] [ INFO ] [SQL:34] Se añadio odontologo
[2023-08-07 19:05:43] [ INFO ] [SQL:60]  ID PROFESIONAL 1 Odontologo Marlon Lombana con matricula 123456odontologo
[2023-08-07 19:05:43] [ ERROR] [SQL:52] org.h2.jdbc.JdbcSQLDataException: Parameter "#2" is not set [90012-220]
[2023-08-07 19:05:43] [ INFO ] [SQL:60]  ID PROFESIONAL 1 Odontologo Marlon Lombana con matricula 123456odontologo
[2023-08-08 09:52:44] [ ERROR] [Main:11] No se estableció la conexión
org.h2.jdbc.JdbcSQLNonTransientConnectionException: Connection is broken: "java.net.ConnectException: Connection refused: no further information: localhost" [90067-220]
	at org.h2.message.DbException.getJdbcSQLException(DbException.java:690)
	at org.h2.message.DbException.getJdbcSQLException(DbException.java:489)
	at org.h2.message.DbException.get(DbException.java:212)
	at org.h2.engine.SessionRemote.connectServer(SessionRemote.java:437)
	at org.h2.engine.SessionRemote.connectEmbeddedOrServer(SessionRemote.java:325)
	at org.h2.jdbc.JdbcConnection.<init>(JdbcConnection.java:122)
	at org.h2.Driver.connect(Driver.java:59)
	at java.sql/java.sql.DriverManager.getConnection(DriverManager.java:683)
	at java.sql/java.sql.DriverManager.getConnection(DriverManager.java:230)
	at SQL.inicializarConexion(SQL.java:19)
	at Main.main(Main.java:9)
Caused by: java.net.ConnectException: Connection refused: no further information
	at java.base/sun.nio.ch.Net.pollConnect(Native Method)
	at java.base/sun.nio.ch.Net.pollConnectNow(Net.java:672)
	at java.base/sun.nio.ch.NioSocketImpl.timedFinishConnect(NioSocketImpl.java:535)
	at java.base/sun.nio.ch.NioSocketImpl.connect(NioSocketImpl.java:585)
	at java.base/java.net.SocksSocketImpl.connect(SocksSocketImpl.java:327)
	at java.base/java.net.Socket.connect(Socket.java:666)
	at org.h2.util.NetUtils.createSocket(NetUtils.java:135)
	at org.h2.util.NetUtils.createSocket(NetUtils.java:99)
	at org.h2.engine.SessionRemote.initTransfer(SessionRemote.java:130)
	at org.h2.engine.SessionRemote.connectServer(SessionRemote.java:433)
	... 7 more
[2023-08-08 09:53:31] [ INFO ] [SQL:24] Se creo tabla odontologos
[2023-08-08 09:53:31] [ INFO ] [SQL:34] Se añadio odontologo
[2023-08-08 09:53:31] [ INFO ] [SQL:61]  ID PROFESIONAL 1 Odontologo Marlon Lombana con matricula 123456odontologo
[2023-08-08 09:53:31] [ INFO ] [SQL:50] Se cambio matricula del odontologo
[2023-08-08 09:53:31] [ INFO ] [SQL:61]  ID PROFESIONAL 1 Odontologo Marlon Lombana con matricula odontologo1
[2023-08-08 09:54:16] [ INFO ] [SQL:24] Se creo tabla odontologos
[2023-08-08 09:54:16] [ INFO ] [SQL:34] Se añadio odontologo
[2023-08-08 09:54:16] [ INFO ] [SQL:61]  ID PROFESIONAL 1 Odontologo Marlon Lombana con matricula 123456odontologo
[2023-08-08 09:54:16] [ INFO ] [SQL:50] Se cambio matricula del odontologo
[2023-08-08 09:54:16] [ INFO ] [SQL:61]  ID PROFESIONAL 1 Odontologo Marlon Lombana con matricula odontologo1
[2023-08-08 09:54:16] [ INFO ] [SQL:50] Se cambio matricula del odontologo
[2023-08-08 09:54:16] [ INFO ] [SQL:61]  ID PROFESIONAL 1 Odontologo Marlon Lombana con matricula odontologo3
