[2023-08-02 21:32:06] [ ERROR] [Main:14] Se pudrio la momia
[2023-08-02 21:32:18] [ ERROR] [Main:14] Se pudrio la momia
org.h2.jdbc.JdbcSQLNonTransientConnectionException: Database may be already in use: "C:/Users/Tomás/test.mv.db". Possible solutions: close all other connection(s); use the server mode [90020-220]
	at org.h2.message.DbException.getJdbcSQLException(DbException.java:690)
	at org.h2.message.DbException.getJdbcSQLException(DbException.java:489)
	at org.h2.message.DbException.get(DbException.java:212)
	at org.h2.mvstore.db.Store.convertMVStoreException(Store.java:165)
	at org.h2.mvstore.db.Store.<init>(Store.java:142)
	at org.h2.engine.Database.<init>(Database.java:324)
	at org.h2.engine.Engine.openSession(Engine.java:92)
	at org.h2.engine.Engine.openSession(Engine.java:222)
	at org.h2.engine.Engine.createSession(Engine.java:201)
	at org.h2.engine.SessionRemote.connectEmbeddedOrServer(SessionRemote.java:338)
	at org.h2.jdbc.JdbcConnection.<init>(JdbcConnection.java:122)
	at org.h2.Driver.connect(Driver.java:59)
	at java.sql/java.sql.DriverManager.getConnection(DriverManager.java:681)
	at java.sql/java.sql.DriverManager.getConnection(DriverManager.java:229)
	at Main.probarBBDD(Main.java:23)
	at Main.main(Main.java:12)
Caused by: org.h2.mvstore.MVStoreException: The file is locked: C:/Users/Tomás/test.mv.db [2.2.220/7]
	at org.h2.mvstore.DataUtils.newMVStoreException(DataUtils.java:996)
	at org.h2.mvstore.SingleFileStore.lockFileChannel(SingleFileStore.java:143)
	at org.h2.mvstore.SingleFileStore.open(SingleFileStore.java:117)
	at org.h2.mvstore.SingleFileStore.open(SingleFileStore.java:81)
	at org.h2.mvstore.MVStore.<init>(MVStore.java:286)
	at org.h2.mvstore.MVStore$Builder.open(MVStore.java:2036)
	at org.h2.mvstore.db.Store.<init>(Store.java:133)
	... 11 more
[2023-08-02 21:32:35] [ ERROR] [Main:14] Se pudrio la momia
org.h2.jdbc.JdbcSQLNonTransientConnectionException: Database may be already in use: "C:/Users/Tomás/test.mv.db". Possible solutions: close all other connection(s); use the server mode [90020-220]
	at org.h2.message.DbException.getJdbcSQLException(DbException.java:690)
	at org.h2.message.DbException.getJdbcSQLException(DbException.java:489)
	at org.h2.message.DbException.get(DbException.java:212)
	at org.h2.mvstore.db.Store.convertMVStoreException(Store.java:165)
	at org.h2.mvstore.db.Store.<init>(Store.java:142)
	at org.h2.engine.Database.<init>(Database.java:324)
	at org.h2.engine.Engine.openSession(Engine.java:92)
	at org.h2.engine.Engine.openSession(Engine.java:222)
	at org.h2.engine.Engine.createSession(Engine.java:201)
	at org.h2.engine.SessionRemote.connectEmbeddedOrServer(SessionRemote.java:338)
	at org.h2.jdbc.JdbcConnection.<init>(JdbcConnection.java:122)
	at org.h2.Driver.connect(Driver.java:59)
	at java.sql/java.sql.DriverManager.getConnection(DriverManager.java:681)
	at java.sql/java.sql.DriverManager.getConnection(DriverManager.java:229)
	at Main.probarBBDD(Main.java:23)
	at Main.main(Main.java:12)
Caused by: org.h2.mvstore.MVStoreException: The file is locked: C:/Users/Tomás/test.mv.db [2.2.220/7]
	at org.h2.mvstore.DataUtils.newMVStoreException(DataUtils.java:996)
	at org.h2.mvstore.SingleFileStore.lockFileChannel(SingleFileStore.java:143)
	at org.h2.mvstore.SingleFileStore.open(SingleFileStore.java:117)
	at org.h2.mvstore.SingleFileStore.open(SingleFileStore.java:81)
	at org.h2.mvstore.MVStore.<init>(MVStore.java:286)
	at org.h2.mvstore.MVStore$Builder.open(MVStore.java:2036)
	at org.h2.mvstore.db.Store.<init>(Store.java:133)
	... 11 more
[2023-08-02 21:33:08] [ ERROR] [Main:14] Se pudrio la momia
org.h2.jdbc.JdbcSQLInvalidAuthorizationSpecException: Wrong user name or password [28000-220]
	at org.h2.message.DbException.getJdbcSQLException(DbException.java:522)
	at org.h2.message.DbException.getJdbcSQLException(DbException.java:489)
	at org.h2.message.DbException.get(DbException.java:223)
	at org.h2.message.DbException.get(DbException.java:199)
	at org.h2.message.DbException.get(DbException.java:188)
	at org.h2.engine.Engine.validateUserAndPassword(Engine.java:393)
	at org.h2.engine.Engine.createSession(Engine.java:206)
	at org.h2.server.TcpServerThread.run(TcpServerThread.java:175)
	at java.base/java.lang.Thread.run(Thread.java:833)

	at org.h2.message.DbException.getJdbcSQLException(DbException.java:522)
	at org.h2.engine.SessionRemote.readException(SessionRemote.java:637)
	at org.h2.engine.SessionRemote.done(SessionRemote.java:606)
	at org.h2.engine.SessionRemote.initTransfer(SessionRemote.java:163)
	at org.h2.engine.SessionRemote.connectServer(SessionRemote.java:433)
	at org.h2.engine.SessionRemote.connectEmbeddedOrServer(SessionRemote.java:325)
	at org.h2.jdbc.JdbcConnection.<init>(JdbcConnection.java:122)
	at org.h2.Driver.connect(Driver.java:59)
	at java.sql/java.sql.DriverManager.getConnection(DriverManager.java:681)
	at java.sql/java.sql.DriverManager.getConnection(DriverManager.java:229)
	at Main.probarBBDD(Main.java:23)
	at Main.main(Main.java:12)
[2023-08-02 22:00:15] [ INFO ] [SQL:30] Se creo el animal: Paco
[2023-08-02 22:00:15] [ INFO ] [SQL:30] Se creo el animal: Paquita
[2023-08-02 22:00:15] [ INFO ] [SQL:30] Se creo el animal: Snowball
[2023-08-02 22:00:15] [ INFO ] [SQL:30] Se creo el animal: Dumbo
[2023-08-02 22:00:15] [ INFO ] [SQL:30] Se creo el animal: Cuello Largo
[2023-08-02 22:05:42] [ INFO ] [SQL:31] Se creo el animal: Paco
[2023-08-02 22:05:42] [ INFO ] [SQL:31] Se creo el animal: Paquita
[2023-08-02 22:05:42] [ INFO ] [SQL:31] Se creo el animal: Snowball
[2023-08-02 22:05:42] [ INFO ] [SQL:31] Se creo el animal: Dumbo
[2023-08-02 22:05:42] [ INFO ] [SQL:31] Se creo el animal: Cuello Largo
[2023-08-02 22:05:53] [ INFO ] [SQL:31] Se creo el animal: Paco
[2023-08-02 22:05:53] [ INFO ] [SQL:31] Se creo el animal: Paquita
[2023-08-02 22:05:53] [ INFO ] [SQL:31] Se creo el animal: Snowball
[2023-08-02 22:05:53] [ INFO ] [SQL:31] Se creo el animal: Dumbo
[2023-08-02 22:05:53] [ INFO ] [SQL:31] Se creo el animal: Cuello Largo
[2023-08-02 22:06:37] [ INFO ] [SQL:31] Se creo el animal: Paco
[2023-08-02 22:06:37] [ INFO ] [SQL:31] Se creo el animal: Paquita
[2023-08-02 22:06:37] [ INFO ] [SQL:31] Se creo el animal: Snowball
[2023-08-02 22:06:37] [ INFO ] [SQL:31] Se creo el animal: Dumbo
[2023-08-02 22:06:37] [ INFO ] [SQL:31] Se creo el animal: Cuello Largo
[2023-08-02 22:13:17] [ INFO ] [SQL:31] Se creo el animal: Paco
[2023-08-02 22:13:17] [ INFO ] [SQL:31] Se creo el animal: Paquita
[2023-08-02 22:13:17] [ INFO ] [SQL:31] Se creo el animal: Snowball
[2023-08-02 22:13:17] [ INFO ] [SQL:31] Se creo el animal: Dumbo
[2023-08-02 22:13:17] [ INFO ] [SQL:31] Se creo el animal: Cuello Largo
[2023-08-02 22:13:17] [ INFO ] [SQL:39]  Indice: 1
[2023-08-02 22:13:17] [ INFO ] [SQL:40]  Nombre: Paco
[2023-08-02 22:13:17] [ INFO ] [SQL:41]  Tipo: PERRO
[2023-08-02 22:13:17] [ INFO ] [SQL:39]  Indice: 2
[2023-08-02 22:13:17] [ INFO ] [SQL:40]  Nombre: Paquita
[2023-08-02 22:13:17] [ INFO ] [SQL:41]  Tipo: PERRO
[2023-08-02 22:13:17] [ INFO ] [SQL:39]  Indice: 3
[2023-08-02 22:13:17] [ INFO ] [SQL:40]  Nombre: Snowball
[2023-08-02 22:13:17] [ INFO ] [SQL:41]  Tipo: GATO
[2023-08-02 22:13:17] [ INFO ] [SQL:39]  Indice: 4
[2023-08-02 22:13:17] [ INFO ] [SQL:40]  Nombre: Dumbo
[2023-08-02 22:13:17] [ INFO ] [SQL:41]  Tipo: ELEFANTE
[2023-08-02 22:13:17] [ INFO ] [SQL:39]  Indice: 5
[2023-08-02 22:13:17] [ INFO ] [SQL:40]  Nombre: Cuello Largo
[2023-08-02 22:13:17] [ INFO ] [SQL:41]  Tipo: JIRAFA
[2023-08-02 22:16:46] [ INFO ] [SQL:31] Se creo el animal: Paco
[2023-08-02 22:16:46] [ INFO ] [SQL:31] Se creo el animal: Paquita
[2023-08-02 22:16:46] [ INFO ] [SQL:31] Se creo el animal: Snowball
[2023-08-02 22:16:46] [ INFO ] [SQL:31] Se creo el animal: Dumbo
[2023-08-02 22:16:46] [ INFO ] [SQL:31] Se creo el animal: Cuello Largo
[2023-08-02 22:16:46] [ INFO ] [SQL:39]  Indice: 1
[2023-08-02 22:16:46] [ INFO ] [SQL:40]  Nombre: Paco
[2023-08-02 22:16:46] [ INFO ] [SQL:41]  Tipo: PERRO
[2023-08-02 22:16:46] [ INFO ] [SQL:39]  Indice: 2
[2023-08-02 22:16:46] [ INFO ] [SQL:40]  Nombre: Paquita
[2023-08-02 22:16:46] [ INFO ] [SQL:41]  Tipo: PERRO
[2023-08-02 22:16:46] [ INFO ] [SQL:39]  Indice: 3
[2023-08-02 22:16:46] [ INFO ] [SQL:40]  Nombre: Snowball
[2023-08-02 22:16:46] [ INFO ] [SQL:41]  Tipo: GATO
[2023-08-02 22:16:46] [ INFO ] [SQL:39]  Indice: 4
[2023-08-02 22:16:46] [ INFO ] [SQL:40]  Nombre: Dumbo
[2023-08-02 22:16:46] [ INFO ] [SQL:41]  Tipo: ELEFANTE
[2023-08-02 22:16:46] [ INFO ] [SQL:39]  Indice: 5
[2023-08-02 22:16:46] [ INFO ] [SQL:40]  Nombre: Cuello Largo
[2023-08-02 22:16:46] [ INFO ] [SQL:41]  Tipo: JIRAFA
[2023-08-02 22:16:46] [ INFO ] [SQL:53] Se elinmino el animal: 3
[2023-08-02 22:16:46] [ INFO ] [SQL:39]  Indice: 1
[2023-08-02 22:16:46] [ INFO ] [SQL:40]  Nombre: Paco
[2023-08-02 22:16:46] [ INFO ] [SQL:41]  Tipo: PERRO
[2023-08-02 22:16:46] [ INFO ] [SQL:39]  Indice: 2
[2023-08-02 22:16:46] [ INFO ] [SQL:40]  Nombre: Paquita
[2023-08-02 22:16:46] [ INFO ] [SQL:41]  Tipo: PERRO
[2023-08-02 22:16:46] [ INFO ] [SQL:39]  Indice: 4
[2023-08-02 22:16:46] [ INFO ] [SQL:40]  Nombre: Dumbo
[2023-08-02 22:16:46] [ INFO ] [SQL:41]  Tipo: ELEFANTE
[2023-08-02 22:16:46] [ INFO ] [SQL:39]  Indice: 5
[2023-08-02 22:16:46] [ INFO ] [SQL:40]  Nombre: Cuello Largo
[2023-08-02 22:16:46] [ INFO ] [SQL:41]  Tipo: JIRAFA
[2023-08-02 22:25:33] [ INFO ] [SQL:31] Se creo el animal: Paco
[2023-08-02 22:25:33] [ INFO ] [SQL:31] Se creo el animal: Paquita
[2023-08-02 22:25:33] [ INFO ] [SQL:31] Se creo el animal: Snowball
[2023-08-02 22:25:33] [ INFO ] [SQL:31] Se creo el animal: Dumbo
[2023-08-02 22:25:33] [ INFO ] [SQL:31] Se creo el animal: Cuello Largo
[2023-08-02 22:25:33] [ INFO ] [SQL:39]  Indice: 1
[2023-08-02 22:25:33] [ INFO ] [SQL:40]  Nombre: Paco
[2023-08-02 22:25:33] [ INFO ] [SQL:41]  Tipo: PERRO
[2023-08-02 22:25:33] [ INFO ] [SQL:39]  Indice: 2
[2023-08-02 22:25:33] [ INFO ] [SQL:40]  Nombre: Paquita
[2023-08-02 22:25:33] [ INFO ] [SQL:41]  Tipo: PERRO
[2023-08-02 22:25:33] [ INFO ] [SQL:39]  Indice: 3
[2023-08-02 22:25:33] [ INFO ] [SQL:40]  Nombre: Snowball
[2023-08-02 22:25:33] [ INFO ] [SQL:41]  Tipo: GATO
[2023-08-02 22:25:33] [ INFO ] [SQL:39]  Indice: 4
[2023-08-02 22:25:33] [ INFO ] [SQL:40]  Nombre: Dumbo
[2023-08-02 22:25:33] [ INFO ] [SQL:41]  Tipo: ELEFANTE
[2023-08-02 22:25:33] [ INFO ] [SQL:39]  Indice: 5
[2023-08-02 22:25:33] [ INFO ] [SQL:40]  Nombre: Cuello Largo
[2023-08-02 22:25:33] [ INFO ] [SQL:41]  Tipo: JIRAFA
[2023-08-02 22:25:33] [ INFO ] [SQL:53] Se elinmino el animal: 3
[2023-08-02 22:25:33] [ INFO ] [SQL:39]  Indice: 1
[2023-08-02 22:25:33] [ INFO ] [SQL:40]  Nombre: Paco
[2023-08-02 22:25:33] [ INFO ] [SQL:41]  Tipo: PERRO
[2023-08-02 22:25:33] [ INFO ] [SQL:39]  Indice: 2
[2023-08-02 22:25:33] [ INFO ] [SQL:40]  Nombre: Paquita
[2023-08-02 22:25:33] [ INFO ] [SQL:41]  Tipo: PERRO
[2023-08-02 22:25:33] [ INFO ] [SQL:39]  Indice: 4
[2023-08-02 22:25:33] [ INFO ] [SQL:40]  Nombre: Dumbo
[2023-08-02 22:25:33] [ INFO ] [SQL:41]  Tipo: ELEFANTE
[2023-08-02 22:25:33] [ INFO ] [SQL:39]  Indice: 5
[2023-08-02 22:25:33] [ INFO ] [SQL:40]  Nombre: Cuello Largo
[2023-08-02 22:25:33] [ INFO ] [SQL:41]  Tipo: JIRAFA
[2023-08-02 22:25:33] [ INFO ] [SQL:64] Se actualizo el animal:  PERRO
[2023-08-02 22:25:33] [ INFO ] [SQL:39]  Indice: 1
[2023-08-02 22:25:33] [ INFO ] [SQL:40]  Nombre:  PERRO
[2023-08-02 22:25:33] [ INFO ] [SQL:41]  Tipo: Mi nuevo Perro
[2023-08-02 22:25:33] [ INFO ] [SQL:39]  Indice: 2
[2023-08-02 22:25:33] [ INFO ] [SQL:40]  Nombre: Paquita
[2023-08-02 22:25:33] [ INFO ] [SQL:41]  Tipo: PERRO
[2023-08-02 22:25:33] [ INFO ] [SQL:39]  Indice: 4
[2023-08-02 22:25:33] [ INFO ] [SQL:40]  Nombre: Dumbo
[2023-08-02 22:25:33] [ INFO ] [SQL:41]  Tipo: ELEFANTE
[2023-08-02 22:25:33] [ INFO ] [SQL:39]  Indice: 5
[2023-08-02 22:25:33] [ INFO ] [SQL:40]  Nombre: Cuello Largo
[2023-08-02 22:25:33] [ INFO ] [SQL:41]  Tipo: JIRAFA
[2023-08-02 22:26:01] [ INFO ] [SQL:31] Se creo el animal: Paco
[2023-08-02 22:26:01] [ INFO ] [SQL:31] Se creo el animal: Paquita
[2023-08-02 22:26:01] [ INFO ] [SQL:31] Se creo el animal: Snowball
[2023-08-02 22:26:01] [ INFO ] [SQL:31] Se creo el animal: Dumbo
[2023-08-02 22:26:01] [ INFO ] [SQL:31] Se creo el animal: Cuello Largo
[2023-08-02 22:26:01] [ INFO ] [SQL:39]  Indice: 1
[2023-08-02 22:26:01] [ INFO ] [SQL:40]  Nombre: Paco
[2023-08-02 22:26:01] [ INFO ] [SQL:41]  Tipo: PERRO
[2023-08-02 22:26:01] [ INFO ] [SQL:39]  Indice: 2
[2023-08-02 22:26:01] [ INFO ] [SQL:40]  Nombre: Paquita
[2023-08-02 22:26:01] [ INFO ] [SQL:41]  Tipo: PERRO
[2023-08-02 22:26:01] [ INFO ] [SQL:39]  Indice: 3
[2023-08-02 22:26:01] [ INFO ] [SQL:40]  Nombre: Snowball
[2023-08-02 22:26:01] [ INFO ] [SQL:41]  Tipo: GATO
[2023-08-02 22:26:01] [ INFO ] [SQL:39]  Indice: 4
[2023-08-02 22:26:01] [ INFO ] [SQL:40]  Nombre: Dumbo
[2023-08-02 22:26:01] [ INFO ] [SQL:41]  Tipo: ELEFANTE
[2023-08-02 22:26:01] [ INFO ] [SQL:39]  Indice: 5
[2023-08-02 22:26:01] [ INFO ] [SQL:40]  Nombre: Cuello Largo
[2023-08-02 22:26:01] [ INFO ] [SQL:41]  Tipo: JIRAFA
[2023-08-02 22:26:01] [ INFO ] [SQL:53] Se elinmino el animal: 3
[2023-08-02 22:26:01] [ INFO ] [SQL:39]  Indice: 1
[2023-08-02 22:26:01] [ INFO ] [SQL:40]  Nombre: Paco
[2023-08-02 22:26:01] [ INFO ] [SQL:41]  Tipo: PERRO
[2023-08-02 22:26:01] [ INFO ] [SQL:39]  Indice: 2
[2023-08-02 22:26:01] [ INFO ] [SQL:40]  Nombre: Paquita
[2023-08-02 22:26:01] [ INFO ] [SQL:41]  Tipo: PERRO
[2023-08-02 22:26:01] [ INFO ] [SQL:39]  Indice: 4
[2023-08-02 22:26:01] [ INFO ] [SQL:40]  Nombre: Dumbo
[2023-08-02 22:26:01] [ INFO ] [SQL:41]  Tipo: ELEFANTE
[2023-08-02 22:26:01] [ INFO ] [SQL:39]  Indice: 5
[2023-08-02 22:26:01] [ INFO ] [SQL:40]  Nombre: Cuello Largo
[2023-08-02 22:26:01] [ INFO ] [SQL:41]  Tipo: JIRAFA
[2023-08-02 22:26:01] [ INFO ] [SQL:64] Se actualizo el animal:  Paco 2.0
[2023-08-02 22:26:01] [ INFO ] [SQL:39]  Indice: 1
[2023-08-02 22:26:01] [ INFO ] [SQL:40]  Nombre:  Paco 2.0
[2023-08-02 22:26:01] [ INFO ] [SQL:41]  Tipo: PERRAZO
[2023-08-02 22:26:01] [ INFO ] [SQL:39]  Indice: 2
[2023-08-02 22:26:01] [ INFO ] [SQL:40]  Nombre: Paquita
[2023-08-02 22:26:01] [ INFO ] [SQL:41]  Tipo: PERRO
[2023-08-02 22:26:01] [ INFO ] [SQL:39]  Indice: 4
[2023-08-02 22:26:01] [ INFO ] [SQL:40]  Nombre: Dumbo
[2023-08-02 22:26:01] [ INFO ] [SQL:41]  Tipo: ELEFANTE
[2023-08-02 22:26:01] [ INFO ] [SQL:39]  Indice: 5
[2023-08-02 22:26:01] [ INFO ] [SQL:40]  Nombre: Cuello Largo
[2023-08-02 22:26:01] [ INFO ] [SQL:41]  Tipo: JIRAFA
[2023-08-07 20:03:36] [ INFO ] [SQL:29] Cuenta: 1  Tomás 5
[2023-08-07 20:03:36] [ INFO ] [SQL:29] Cuenta: 1  Tomás 15
[2023-08-07 20:04:06] [ INFO ] [SQL:29] Cuenta: 1  Tomás 5
[2023-08-07 20:04:06] [ INFO ] [SQL:29] Cuenta: 1  Tomás 15
[2023-08-07 20:04:06] [ INFO ] [SQL:29] Cuenta: 1  Tomás 20
[2023-08-07 20:06:38] [ INFO ] [SQL:29] Cuenta: 1  Tomás 5
[2023-08-07 20:06:38] [ INFO ] [SQL:29] Cuenta: 1  Tomás 15
[2023-08-07 20:06:38] [ INFO ] [SQL:29] Cuenta: 1  Tomás 30
[2023-08-07 20:07:09] [ INFO ] [SQL:29] Cuenta: 1  Tomás 5
[2023-08-07 20:07:09] [ INFO ] [SQL:29] Cuenta: 1  Tomás 15
[2023-08-07 20:07:09] [ INFO ] [SQL:29] Cuenta: 1  Tomás 15
[2023-08-07 20:09:53] [ INFO ] [SQL:29] Cuenta: 1  Tomás 5
[2023-08-07 20:09:53] [ INFO ] [SQL:29] Cuenta: 1  Tomás 15
[2023-08-07 20:09:53] [ INFO ] [SQL:29] Cuenta: 1  Tomás 15
[2023-08-07 20:09:53] [ INFO ] [Main:24] Objeta cuentas con saldo: 30.0
[2023-08-07 20:10:50] [ INFO ] [SQL:29] Cuenta: 1  Tomás 5
[2023-08-07 20:10:50] [ INFO ] [SQL:29] Cuenta: 1  Tomás 15
[2023-08-07 20:10:50] [ INFO ] [SQL:29] Cuenta: 1  Tomás 15
[2023-08-07 20:10:50] [ INFO ] [Main:24] Objeta cuentas con saldo: 15.0
[2023-08-07 22:06:04] [ ERROR] [Main:16] No se pudieron crear las tablas
[2023-08-07 22:06:17] [ ERROR] [Main:16] No se pudieron crear las tablas
org.h2.jdbc.JdbcSQLSyntaxErrorException: Syntax error in SQL statement "CREATE TABLE MEDICAMENTOS(ID INT PRIMARY KEY, CODIGO INT, PRECIO FLOAT(10[*],2), CANTIDAD INT, LABORATORIO VARCHAR(255);"; expected ")"; SQL statement:
CREATE TABLE MEDICAMENTOS(ID INT PRIMARY KEY, CODIGO INT, PRECIO FLOAT(10,2), CANTIDAD INT, LABORATORIO VARCHAR(255); [42001-220]
	at org.h2.message.DbException.getJdbcSQLException(DbException.java:514)
	at org.h2.message.DbException.getJdbcSQLException(DbException.java:489)
	at org.h2.message.DbException.getSyntaxError(DbException.java:261)
	at org.h2.command.Parser.getSyntaxError(Parser.java:910)
	at org.h2.command.Parser.read(Parser.java:5793)
	at org.h2.command.Parser.parseFloatType(Parser.java:6459)
	at org.h2.command.Parser.readIfDataType1(Parser.java:6304)
	at org.h2.command.Parser.readIfDataType(Parser.java:6205)
	at org.h2.command.Parser.parseColumnWithType(Parser.java:6187)
	at org.h2.command.Parser.parseColumnForTable(Parser.java:6066)
	at org.h2.command.Parser.parseTableColumnDefinition(Parser.java:9496)
	at org.h2.command.Parser.parseCreateTable(Parser.java:9436)
	at org.h2.command.Parser.parseCreate(Parser.java:6905)
	at org.h2.command.Parser.parsePrepared(Parser.java:771)
	at org.h2.command.Parser.parse(Parser.java:697)
	at org.h2.command.Parser.parse(Parser.java:674)
	at org.h2.command.Parser.prepareCommand(Parser.java:577)
	at org.h2.engine.SessionLocal.prepareLocal(SessionLocal.java:634)
	at org.h2.command.CommandList.executeRemaining(CommandList.java:53)
	at org.h2.command.CommandList.update(CommandList.java:66)
	at org.h2.command.Command.executeUpdate(Command.java:252)
	at org.h2.server.TcpServerThread.process(TcpServerThread.java:408)
	at org.h2.server.TcpServerThread.run(TcpServerThread.java:191)
	at java.base/java.lang.Thread.run(Thread.java:833)

	at org.h2.message.DbException.getJdbcSQLException(DbException.java:514)
	at org.h2.engine.SessionRemote.readException(SessionRemote.java:637)
	at org.h2.engine.SessionRemote.done(SessionRemote.java:606)
	at org.h2.command.CommandRemote.executeUpdate(CommandRemote.java:227)
	at org.h2.jdbc.JdbcStatement.executeInternal(JdbcStatement.java:252)
	at org.h2.jdbc.JdbcStatement.execute(JdbcStatement.java:223)
	at DAOs.Impl.MedicamentoDAOImpl.crearTablas(MedicamentoDAOImpl.java:27)
	at Main.main(Main.java:14)
[2023-08-07 22:06:53] [ ERROR] [Main:16] No se pudieron crear las tablas
org.h2.jdbc.JdbcSQLSyntaxErrorException: Syntax error in SQL statement "CREATE TABLE MEDICAMENTOS(ID INT PRIMARY KEY, CODIGO INT, PRECIO FLOAT(10[*],2), CANTIDAD INT, LABORATORIO VARCHAR(255));"; expected ")"; SQL statement:
CREATE TABLE MEDICAMENTOS(ID INT PRIMARY KEY, CODIGO INT, PRECIO FLOAT(10,2), CANTIDAD INT, LABORATORIO VARCHAR(255)); [42001-220]
	at org.h2.message.DbException.getJdbcSQLException(DbException.java:514)
	at org.h2.message.DbException.getJdbcSQLException(DbException.java:489)
	at org.h2.message.DbException.getSyntaxError(DbException.java:261)
	at org.h2.command.Parser.getSyntaxError(Parser.java:910)
	at org.h2.command.Parser.read(Parser.java:5793)
	at org.h2.command.Parser.parseFloatType(Parser.java:6459)
	at org.h2.command.Parser.readIfDataType1(Parser.java:6304)
	at org.h2.command.Parser.readIfDataType(Parser.java:6205)
	at org.h2.command.Parser.parseColumnWithType(Parser.java:6187)
	at org.h2.command.Parser.parseColumnForTable(Parser.java:6066)
	at org.h2.command.Parser.parseTableColumnDefinition(Parser.java:9496)
	at org.h2.command.Parser.parseCreateTable(Parser.java:9436)
	at org.h2.command.Parser.parseCreate(Parser.java:6905)
	at org.h2.command.Parser.parsePrepared(Parser.java:771)
	at org.h2.command.Parser.parse(Parser.java:697)
	at org.h2.command.Parser.parse(Parser.java:674)
	at org.h2.command.Parser.prepareCommand(Parser.java:577)
	at org.h2.engine.SessionLocal.prepareLocal(SessionLocal.java:634)
	at org.h2.command.CommandList.executeRemaining(CommandList.java:53)
	at org.h2.command.CommandList.update(CommandList.java:66)
	at org.h2.command.Command.executeUpdate(Command.java:252)
	at org.h2.server.TcpServerThread.process(TcpServerThread.java:408)
	at org.h2.server.TcpServerThread.run(TcpServerThread.java:191)
	at java.base/java.lang.Thread.run(Thread.java:833)

	at org.h2.message.DbException.getJdbcSQLException(DbException.java:514)
	at org.h2.engine.SessionRemote.readException(SessionRemote.java:637)
	at org.h2.engine.SessionRemote.done(SessionRemote.java:606)
	at org.h2.command.CommandRemote.executeUpdate(CommandRemote.java:227)
	at org.h2.jdbc.JdbcStatement.executeInternal(JdbcStatement.java:252)
	at org.h2.jdbc.JdbcStatement.execute(JdbcStatement.java:223)
	at DAOs.Impl.MedicamentoDAOImpl.crearTablas(MedicamentoDAOImpl.java:27)
	at Main.main(Main.java:14)
[2023-08-07 22:09:37] [ ERROR] [MedicamentoDAOImpl:66] No se pudo encontrar el medicamento con Id: 1
java.lang.Exception: Error al buscar medicamento
	at DAOs.Impl.MedicamentoDAOImpl.buscar(MedicamentoDAOImpl.java:64)
	at Servicios.ServicioMedicamentos.buscar(ServicioMedicamentos.java:44)
	at Main.main(Main.java:26)
[2023-08-07 22:09:37] [ INFO ] [Main:28] 
[2023-08-07 22:15:26] [ ERROR] [MedicamentoDAOImpl:66] No se pudo encontrar el medicamento con Id: 1
java.lang.Exception: Error al buscar medicamento
	at DAOs.Impl.MedicamentoDAOImpl.buscar(MedicamentoDAOImpl.java:64)
	at Servicios.ServicioMedicamentos.buscar(ServicioMedicamentos.java:44)
	at Main.main(Main.java:26)
[2023-08-07 22:15:26] [ INFO ] [Main:28] 
[2023-08-07 22:15:38] [ INFO ] [Main:28] Medicamento{id=1, precio=135.5, cantidad=100, laboratorio='Bago', codigo=5436}
[2023-08-07 22:17:06] [ INFO ] [Main:24] Intentando persistir al medicamento: Medicamento{id=1, precio=135.5, cantidad=100, laboratorio='Bago', codigo=5436}
[2023-08-07 22:17:06] [ INFO ] [Main:29] Medicamento obtenido de la base de datos: Medicamento{id=1, precio=135.5, cantidad=100, laboratorio='Bago', codigo=5436}
[2023-08-08 11:57:47] [ INFO ] [Main:24] Intentando persistir al medicamento: Medicamento{id=1, precio=135.5, cantidad=100, laboratorio='Bago', codigo=5436}
[2023-08-08 11:57:47] [ INFO ] [Main:29] Medicamento obtenido de la base de datos: Medicamento{id=1, precio=135.5, cantidad=100, laboratorio='Bago', codigo=5436}
[2023-08-08 11:57:47] [ INFO ] [MedicamentoDAOImpl:54]  ID medicamento: 1 Codigo: 5436 Precio: 135.5 Cantidad: 100 Laboratorio: Bago
[2023-08-08 14:54:31] [ INFO ] [Main:24] Intentando persistir al medicamento: Medicamento{id=1, precio=135.5, cantidad=100, laboratorio='Bago', codigo=5436}
[2023-08-08 14:54:31] [ INFO ] [Main:29] Medicamento obtenido de la base de datos: Medicamento{id=1, precio=135.5, cantidad=100, laboratorio='Bago', codigo=5436}
[2023-08-08 14:54:31] [ INFO ] [MedicamentoDAOImpl:54]  ID medicamento: 1 Codigo: 5436 Precio: 135.5 Cantidad: 100 Laboratorio: Bago
