[2023-08-02 19:46:21] [ FATAL] [CalculadoraPromedios:14] Esto es un FATAL
[2023-08-02 19:46:21] [ ERROR] [CalculadoraPromedios:15] Esto es un ERROR
[2023-08-02 19:46:21] [ WARN ] [CalculadoraPromedios:16] Esto es un WARN
[2023-08-02 19:46:21] [ INFO ] [CalculadoraPromedios:17] Esto es un INFO
[2023-08-02 19:46:21] [ DEBUG] [CalculadoraPromedios:18] ESto es un DEBUG
[2023-08-02 19:49:58] [ FATAL] [CalculadoraPromedios:14] Esto es un FATAL
[2023-08-02 19:49:58] [ ERROR] [CalculadoraPromedios:15] Esto es un ERROR
[2023-08-02 19:49:58] [ WARN ] [CalculadoraPromedios:16] Esto es un WARN
[2023-08-02 19:49:58] [ INFO ] [CalculadoraPromedios:17] Esto es un INFO
[2023-08-02 19:49:58] [ DEBUG] [CalculadoraPromedios:18] ESto es un DEBUG
[2023-08-02 19:51:08] [ FATAL] [CalculadoraPromedios:14] Esto es un FATAL
[2023-08-02 19:51:08] [ ERROR] [CalculadoraPromedios:15] Esto es un ERROR
[2023-08-02 19:51:08] [ WARN ] [CalculadoraPromedios:16] Esto es un WARN
[2023-08-02 19:51:08] [ INFO ] [CalculadoraPromedios:17] Esto es un INFO
[2023-08-02 19:51:08] [ DEBUG] [CalculadoraPromedios:18] ESto es un DEBUG
[2023-08-02 19:51:27] [ FATAL] [CalculadoraPromedios:14] Esto es un FATAL
[2023-08-02 19:51:27] [ ERROR] [CalculadoraPromedios:15] Esto es un ERROR
[2023-08-02 19:51:27] [ WARN ] [CalculadoraPromedios:16] Esto es un WARN
[2023-08-02 19:51:27] [ INFO ] [CalculadoraPromedios:17] Esto es un INFO
[2023-08-02 19:51:27] [ DEBUG] [CalculadoraPromedios:18] ESto es un DEBUG
[2023-08-02 19:51:27] [ TRACE] [CalculadoraPromedios:19] Esto es un TRACE
[2023-08-02 19:54:33] [ ERROR] [CalculadoraPromedios:23] Se rompio algo
java.lang.NullPointerException
	at CalculadoraPromedios.calcularPromedio(CalculadoraPromedios.java:21)
	at Main.main(Main.java:4)
[2023-08-02 19:55:51] [ ERROR] [CalculadoraPromedios:23] Se rompio algo
java.lang.NullPointerException
	at CalculadoraPromedios.calcularPromedio(CalculadoraPromedios.java:21)
	at Main.main(Main.java:4)
